cancel	,	V_39
parent	,	V_25
"tpm_transmit: tpm_send: error %zd\n"	,	L_2
cpu_to_be32	,	F_15
tpm_short	,	V_103
tpm_output_header	,	V_45
tpm2_get_random	,	F_47
req_complete_mask	,	V_34
msleep	,	F_8
__be16	,	T_6
timeout_a	,	V_76
dev	,	V_21
len	,	V_43
timeout_c	,	V_80
time_before	,	F_10
timeout_b	,	V_78
timeout_d	,	V_82
TPM_MAX_RNG_DATA	,	V_152
READ_PCR_RESULT_SIZE	,	V_113
"TPM is disabled/deactivated (0x%X)\n"	,	L_17
continue_selftest_header	,	V_107
ECANCELED	,	V_37
class_create	,	F_53
ARRAY_SIZE	,	F_20
tpm_chip_find_get	,	F_25
idr_destroy	,	F_60
EIO	,	V_162
trusted_key_options	,	V_165
tpm_transmit	,	F_2
rc	,	V_13
getcap_out	,	V_68
canceled	,	V_133
tpm_get_random	,	F_45
retries	,	V_154
TPM_LONG	,	V_88
chip_num	,	V_117
stop	,	V_15
tpm2_calc_ordinal_duration	,	F_7
TPM2_TIMEOUT_D	,	V_83
wait_for_tpm_stat	,	F_36
tpm_unseal_trusted	,	F_50
pcrextend_in	,	V_121
TPM2_TIMEOUT_A	,	V_77
pcrread_out	,	V_114
pr_err	,	F_55
TPM2_TIMEOUT_B	,	V_79
TPM2_TIMEOUT_C	,	V_81
device	,	V_139
TPM_WARN_DOING_SELFTEST	,	V_129
ssize_t	,	T_2
TIF_SIGPENDING	,	V_138
__be32	,	V_19
bufsiz	,	V_11
tpm_getcap_header	,	V_55
mutex_unlock	,	F_12
TPM2_DURATION_LONG	,	V_89
current	,	V_137
old_timeout	,	V_74
tpm2_unseal_trusted	,	F_51
tpm_getcap	,	F_14
tpm1_auto_startup	,	F_33
a	,	V_94
chip	,	V_2
TPM_CAP_FLAG_PERM	,	V_62
b	,	V_95
u8	,	T_3
c	,	V_96
d	,	V_97
CONTINUE_SELFTEST_RESULT_SIZE	,	V_108
tpm_class	,	V_167
i	,	V_100
loops	,	V_123
TPM_MAX_ORDINAL	,	V_7
pm_runtime_get_sync	,	F_6
TPM_NUM_DEVICES	,	V_170
TPM_BUFSIZE	,	V_18
"continue selftest"	,	L_13
tpm_chip	,	V_1
buf	,	V_10
jiffies	,	V_32
mutex_lock	,	F_5
ordinal	,	V_3
tpm_suspend_pcr	,	V_143
dummy_hash	,	V_141
check_cancel	,	V_132
TPM_CAP_FLAG	,	V_64
dest	,	V_155
"invalid count value %x %zx\n"	,	L_1
new_timeout	,	V_73
tpm_getrandom_header	,	V_156
payload	,	V_164
trusted_key_payload	,	V_163
tpm_transmit_cmd	,	F_13
usecs_to_jiffies	,	F_21
"Issuing TPM_STARTUP\n"	,	L_9
TPM_CAP_PROP_TIS_DURATION	,	V_102
tpm_long	,	V_105
count	,	V_14
"attempting to determine the durations"	,	L_11
ops	,	V_26
"attempting to start the TPM"	,	L_7
timeout_adjusted	,	V_99
tpm_pcr_read	,	F_27
req_complete_val	,	V_35
TPM2_DURATION_MEDIUM	,	V_87
desc	,	V_44
SAVESTATE_RESULT_SIZE	,	V_146
tpm_pcr_extend	,	F_29
start_cmd	,	V_70
TPM_HEADER_SIZE	,	V_16
TPM_RETRY	,	V_144
tpm_startup_header	,	V_71
timeout	,	V_93
dev_err	,	F_4
duration	,	V_6
ENODATA	,	V_20
tpm_mutex	,	V_24
subcap_size	,	V_60
tpm_put_ops	,	F_26
pcrextend_header	,	V_120
req_canceled	,	V_36
TPM_MEDIUM	,	V_86
unregister_chrdev_region	,	F_61
E2BIG	,	V_22
TPM_ERR_INVALID_POSTINIT	,	V_91
ERESTARTSYS	,	V_136
mask	,	V_131
cap_t	,	T_5
again	,	V_135
length	,	V_61
tpm_calc_ordinal_duration	,	F_1
TPM_CAP_FLAG_VOL	,	V_63
"Adjusting TPM timeout parameters."	,	L_12
TPM_GETRANDOM_RESULT_SIZE	,	V_158
"attempting to determine the timeouts"	,	L_8
rng_data_len	,	V_160
TPM_INTERNAL_RESULT_SIZE	,	V_67
tpm_cmd	,	V_53
TPM_DIGEST_SIZE	,	V_116
TPM_ERR_DISABLED	,	V_127
return_code	,	V_49
pm_runtime_put_sync	,	F_11
tpm_exit	,	F_59
TPM_UNDEFINED	,	V_5
"attempting to read a pcr value"	,	L_14
dev_get_drvdata	,	F_41
out_recv	,	V_30
dev_info	,	F_19
TPM_SHORT	,	V_84
jiffies_to_msecs	,	F_32
dummy	,	V_125
HZ	,	V_9
"A TPM error (%d) occurred %s\n"	,	L_6
options	,	V_166
"tpm: failed to allocate char dev region\n"	,	L_26
buflen	,	V_130
TPM2_DURATION_SHORT	,	V_85
TPM_CAP_PROP_TIS_TIMEOUT	,	V_90
"Operation Canceled\n"	,	L_3
tpm_devt	,	V_169
getrandom_in	,	V_157
in	,	V_54
tpm_pm_resume	,	F_44
be32_to_cpu	,	F_3
params	,	V_58
tpm2_pcr_read	,	F_28
tpm_cmd_t	,	V_52
tpm_init	,	F_52
startup_type	,	V_69
tpm_seal_trusted	,	F_48
res_buf	,	V_110
duration_idx	,	V_4
"TPM savestate took %dms\n"	,	L_22
cmd	,	V_42
pcrread_header	,	V_111
hash	,	V_119
status	,	V_33
TPM_CHIP_FLAG_IRQ	,	V_29
pcr_idx	,	V_109
ENODEV	,	V_118
wait_for_tpm_stat_cond	,	F_35
tpm_medium	,	V_104
TPM_ST_CLEAR	,	V_92
flags	,	V_12
startup_in	,	V_72
wait_queue_head_t	,	T_7
"Operation Timed out\n"	,	L_4
"extending dummy pcr before suspend"	,	L_20
tpm_pm_suspend	,	F_40
tpm_ordinal_duration	,	V_8
alloc_chrdev_region	,	F_57
subcap	,	V_66
out	,	V_28
class_destroy	,	F_58
dev_nums_idr	,	V_171
TPM_WARN_RETRY	,	V_147
duration_adjusted	,	V_106
num_bytes	,	V_151
ETIME	,	V_40
err	,	V_47
max	,	V_149
"Error (%d) sending savestate before suspend\n"	,	L_21
EFAULT	,	V_48
TPM_CAP_VERSION_1_1	,	V_56
TPM_CAP_VERSION_1_2	,	V_57
EINVAL	,	V_17
"Adjusting reported timeouts: A %lu-&gt;%luus B %lu-&gt;%luus C %lu-&gt;%luus D %lu-&gt;%luus\n"	,	L_10
"attempting tpm_cmd"	,	L_19
TPM_CAP_PROP	,	V_65
__init	,	T_8
__exit	,	T_9
TPM_CHIP_FLAG_TPM2	,	V_31
queue	,	V_134
wait_event_interruptible_timeout	,	F_37
TPM2_SU_STATE	,	V_142
TPM_CHIP_FLAG_HAVE_TIMEOUTS	,	V_75
"attempting extend a PCR value"	,	L_15
rmb	,	F_9
size_t	,	T_4
TPM_TIMEOUT_RETRY	,	V_148
u32	,	T_1
tpm_is_tpm2	,	F_24
tpm_do_selftest	,	F_31
"attempting get random"	,	L_23
tpm2_seal_trusted	,	F_49
"TPM self test failed\n"	,	L_18
clear_thread_flag	,	F_39
getcap_in	,	V_59
tpm_send	,	F_34
THIS_MODULE	,	V_168
subcap_id	,	V_50
PTR_ERR	,	F_56
savestate_header	,	V_145
TPM_TRANSMIT_UNLOCKED	,	V_23
header	,	V_46
try	,	V_140
send	,	V_27
tpm_continue_selftest	,	F_22
"TPM command timed out during continue self test"	,	L_16
"couldn't create tpm class\n"	,	L_25
TPM_ORD_CONTINUE_SELFTEST	,	V_126
HW_ERR	,	V_101
"tpm_transmit: tpm_recv: error %zd\n"	,	L_5
tpm_get_timeouts	,	F_17
TPM_TIMEOUT	,	V_38
tpm_startup	,	F_16
msecs_to_jiffies	,	F_18
total	,	V_153
recv	,	V_41
cap	,	V_51
EXTEND_PCR_RESULT_SIZE	,	V_122
delay_msec	,	V_124
rng_data	,	V_161
tpm2_pcr_extend	,	F_30
update_timeouts	,	V_98
pcr_result	,	V_115
recd	,	V_150
"tpm"	,	L_24
tpm2_shutdown	,	F_42
dev_warn	,	F_43
pcrread_in	,	V_112
tpm_pcr_read_dev	,	F_23
getrandom_out	,	V_159
TPM_ERR_DEACTIVATED	,	V_128
freezing	,	F_38
min_t	,	F_46
IS_ERR	,	F_54
