cancel	,	V_40
"tpm_transmit: tpm_send: error %zd\n"	,	L_2
cpu_to_be32	,	F_14
tpm_short	,	V_100
tpm_output_header	,	V_46
tpm2_get_random	,	F_44
req_complete_mask	,	V_35
msleep	,	F_7
__be16	,	T_6
duration_cap	,	V_81
timeout_a	,	V_94
len	,	V_44
dev	,	V_53
timeout_c	,	V_96
time_before	,	F_9
timeout_b	,	V_95
timeout_d	,	V_97
TPM_MAX_RNG_DATA	,	V_149
READ_PCR_RESULT_SIZE	,	V_112
"TPM is disabled/deactivated (0x%X)\n"	,	L_18
continue_selftest_header	,	V_106
"Issuing TPM_STARTUP"	,	L_9
ECANCELED	,	V_38
class_create	,	F_50
ARRAY_SIZE	,	F_19
tpm_chip_find_get	,	F_24
EIO	,	V_159
trusted_key_options	,	V_162
tpm_transmit	,	F_2
rc	,	V_17
getcap_out	,	V_72
canceled	,	V_131
tpm_get_random	,	F_42
retries	,	V_151
TPM_LONG	,	V_103
chip_num	,	V_116
stop	,	V_19
tpm2_calc_ordinal_duration	,	F_6
tpm_gen_interrupt	,	F_15
wait_for_tpm_stat	,	F_34
tpm_unseal_trusted	,	F_47
pcrextend_in	,	V_120
pcrread_out	,	V_113
pr_err	,	F_52
device	,	V_52
TPM_WARN_DOING_SELFTEST	,	V_127
ssize_t	,	T_3
TIF_SIGPENDING	,	V_136
TSC_MAX_ORDINAL	,	V_11
__be32	,	V_21
bufsiz	,	V_16
tpm_getcap_header	,	V_59
TPM_PROTECTED_COMMAND	,	V_8
mutex_unlock	,	F_10
current	,	V_135
vendor	,	V_13
old_timeout	,	V_79
tpm2_unseal_trusted	,	F_48
tpm_getcap	,	F_12
a	,	V_86
chip	,	V_2
TPM_CAP_FLAG_PERM	,	V_66
b	,	V_87
u8	,	T_2
c	,	V_88
d	,	V_89
CONTINUE_SELFTEST_RESULT_SIZE	,	V_107
tpm_class	,	V_164
irq	,	V_29
i	,	V_92
loops	,	V_122
TPM_MAX_ORDINAL	,	V_9
TPM_NUM_DEVICES	,	V_167
TPM_BUFSIZE	,	V_20
"continue selftest"	,	L_14
tpm_chip	,	V_1
buf	,	V_15
jiffies	,	V_33
mutex_lock	,	F_5
ordinal	,	V_3
tpm_suspend_pcr	,	V_140
dummy_hash	,	V_138
check_cancel	,	V_130
TPM_CAP_FLAG	,	V_68
dest	,	V_152
"invalid count value %x %zx\n"	,	L_1
new_timeout	,	V_78
tpm_getrandom_header	,	V_153
payload	,	V_161
trusted_key_payload	,	V_160
tpm_transmit_cmd	,	F_11
usecs_to_jiffies	,	F_20
TPM_CAP_PROP_TIS_DURATION	,	V_98
tpm_long	,	V_104
count	,	V_18
"attempting to determine the durations"	,	L_12
ops	,	V_26
"attempting to start the TPM"	,	L_8
timeout_adjusted	,	V_91
tpm_pcr_read	,	F_26
req_complete_val	,	V_36
desc	,	V_45
SAVESTATE_RESULT_SIZE	,	V_143
tpm_pcr_extend	,	F_28
start_cmd	,	V_75
TPM_HEADER_SIZE	,	V_49
TPM_RETRY	,	V_141
tpm_startup_header	,	V_76
timeout	,	V_85
dev_err	,	F_4
duration	,	V_6
ENODATA	,	V_22
tpm_mutex	,	V_25
subcap_size	,	V_64
pcrextend_header	,	V_119
req_canceled	,	V_37
TPM_MEDIUM	,	V_101
unregister_chrdev_region	,	F_57
E2BIG	,	V_24
TPM_ERR_INVALID_POSTINIT	,	V_82
ERESTARTSYS	,	V_134
mask	,	V_129
cap_t	,	T_5
again	,	V_133
length	,	V_65
tpm_calc_ordinal_duration	,	F_1
TPM_CAP_FLAG_VOL	,	V_67
"Adjusting TPM timeout parameters."	,	L_13
TPM_GETRANDOM_RESULT_SIZE	,	V_155
"attempting to determine the timeouts"	,	L_7
rng_data_len	,	V_157
TPM_INTERNAL_RESULT_SIZE	,	V_71
tpm_cmd	,	V_57
TPM_DIGEST_SIZE	,	V_115
TPM_ERR_DISABLED	,	V_125
return_code	,	V_51
tpm_exit	,	F_56
TPM_UNDEFINED	,	V_5
dev_get_drvdata	,	F_13
"attempting to read a pcr value"	,	L_15
out_recv	,	V_30
dev_info	,	F_18
TPM_SHORT	,	V_99
jiffies_to_msecs	,	F_31
HZ	,	V_14
"A TPM error (%d) occurred %s\n"	,	L_6
options	,	V_163
"tpm: failed to allocate char dev region\n"	,	L_26
buflen	,	V_128
TPM_CAP_PROP_TIS_TIMEOUT	,	V_73
"Operation Canceled\n"	,	L_3
tpm_devt	,	V_166
getrandom_in	,	V_154
in	,	V_58
tpm_pm_resume	,	F_41
be32_to_cpu	,	F_3
params	,	V_62
tpm2_pcr_read	,	F_27
tpm_cmd_t	,	V_56
tpm_init	,	F_49
startup_type	,	V_74
tpm_seal_trusted	,	F_45
res_buf	,	V_109
duration_idx	,	V_4
"TPM savestate took %dms\n"	,	L_22
cmd	,	V_43
pcrread_header	,	V_110
hash	,	V_118
status	,	V_34
pcr_idx	,	V_108
ENODEV	,	V_117
wait_for_tpm_stat_cond	,	F_33
tpm_medium	,	V_102
TPM_ST_CLEAR	,	V_83
flags	,	V_31
startup_in	,	V_77
wait_queue_head_t	,	T_7
"Operation Timed out\n"	,	L_4
"extending dummy pcr before suspend"	,	L_20
tpm_pm_suspend	,	F_38
tpm_ordinal_duration	,	V_12
alloc_chrdev_region	,	F_54
subcap	,	V_70
out	,	V_28
class_destroy	,	F_55
TPM_WARN_RETRY	,	V_144
duration_adjusted	,	V_105
num_bytes	,	V_148
ETIME	,	V_41
err	,	V_48
max	,	V_146
"Error (%d) sending savestate before suspend\n"	,	L_21
EFAULT	,	V_50
EINVAL	,	V_84
"Adjusting reported timeouts: A %lu-&gt;%luus B %lu-&gt;%luus C %lu-&gt;%luus D %lu-&gt;%luus\n"	,	L_11
"attempting tpm_cmd"	,	L_19
TPM_CAP_PROP	,	V_69
__init	,	T_8
__exit	,	T_9
TPM_CHIP_FLAG_TPM2	,	V_32
"A TPM error (%zd) occurred attempting to determine the timeouts\n"	,	L_10
queue	,	V_132
wait_event_interruptible_timeout	,	F_35
TPM2_SU_STATE	,	V_139
CAP_VERSION_1_2	,	V_61
"attempting extend a PCR value"	,	L_16
rmb	,	F_8
size_t	,	T_4
pdev	,	V_23
TPM_TIMEOUT_RETRY	,	V_145
u32	,	T_1
tpm_is_tpm2	,	F_23
CAP_VERSION_1_1	,	V_60
tpm_do_selftest	,	F_30
"attempting get random"	,	L_23
tpm2_seal_trusted	,	F_46
clear_thread_flag	,	F_37
getcap_in	,	V_63
tpm_send	,	F_32
THIS_MODULE	,	V_165
subcap_id	,	V_54
PTR_ERR	,	F_53
savestate_header	,	V_142
header	,	V_47
try	,	V_137
send	,	V_27
tpm_continue_selftest	,	F_21
"TPM command timed out during continue self test"	,	L_17
"couldn't create tpm class\n"	,	L_25
TPM_ORD_CONTINUE_SELFTEST	,	V_124
HW_ERR	,	V_93
"tpm_transmit: tpm_recv: error %zd\n"	,	L_5
tpm_get_timeouts	,	F_17
TPM_TIMEOUT	,	V_39
tpm_startup	,	F_16
total	,	V_150
recv	,	V_42
cap	,	V_55
EXTEND_PCR_RESULT_SIZE	,	V_121
delay_msec	,	V_123
rng_data	,	V_158
tpm2_pcr_extend	,	F_29
update_timeouts	,	V_90
pcr_result	,	V_114
recd	,	V_147
"tpm"	,	L_24
tpm2_shutdown	,	F_39
dev_warn	,	F_40
TPM_CONNECTION_COMMAND	,	V_10
pcrread_in	,	V_111
tpm_pcr_read_dev	,	F_22
duration_t	,	V_80
getrandom_out	,	V_156
TPM_ERR_DEACTIVATED	,	V_126
freezing	,	F_36
min_t	,	F_43
category	,	V_7
tpm_chip_put	,	F_25
IS_ERR	,	F_51
