cancel	,	V_61
parent	,	V_43
tpm_short	,	V_119
cpu_to_be32	,	F_34
tpm_output_header	,	V_31
"0x%04X is an invalid command\n"	,	L_1
request_locality	,	V_47
tpm2_get_random	,	F_60
req_complete_mask	,	V_56
msleep	,	F_13
tpm2_digest	,	V_144
TPM_CHIP_FLAG_ALWAYS_POWERED	,	V_169
tpmrm_class	,	V_200
need_locality	,	V_35
timeout_a	,	V_94
len	,	V_13
dev	,	V_24
timeout_c	,	V_98
time_before	,	F_15
timeout_b	,	V_96
timeout_d	,	V_100
TPM_MAX_RNG_DATA	,	V_181
READ_PCR_RESULT_SIZE	,	V_132
"TPM is disabled/deactivated (0x%X)\n"	,	L_20
continue_selftest_header	,	V_125
GENMASK	,	F_6
ECANCELED	,	V_59
class_create	,	F_67
ARRAY_SIZE	,	F_30
tpm_chip_find_get	,	F_36
tpm2_commit_space	,	F_16
locality	,	V_44
idr_destroy	,	F_74
tpm_buf_append_u32	,	F_26
EIO	,	V_193
trusted_key_options	,	V_196
TPM_TAG_RQU_COMMAND	,	V_75
tpm_transmit	,	F_7
tpm_buf_append	,	F_41
rc	,	V_32
canceled	,	V_160
tpm_get_random	,	F_58
retries	,	V_184
TPM_LONG	,	V_106
nr_handles	,	V_19
"%s: insufficient command length %zu"	,	L_2
chip_num	,	V_137
stop	,	V_34
tpm2_calc_ordinal_duration	,	F_12
TPM2_TIMEOUT_D	,	V_101
wait_for_tpm_stat	,	F_49
tpm_unseal_trusted	,	F_64
TPM2_TIMEOUT_A	,	V_95
pcrread_out	,	V_134
pr_err	,	F_69
TPM2_TIMEOUT_B	,	V_97
TPM2_TIMEOUT_C	,	V_99
"tpmrm"	,	L_29
device	,	V_166
TPM_WARN_DOING_SELFTEST	,	V_156
ssize_t	,	T_4
TIF_SIGPENDING	,	V_165
__be32	,	V_38
bufsiz	,	V_30
TPM_TRANSMIT_RAW	,	V_45
mutex_unlock	,	F_18
TPM2_DURATION_LONG	,	V_107
current	,	V_164
tpm2_unseal_trusted	,	F_65
tpm_getcap	,	F_25
cc	,	V_17
tpm1_auto_startup	,	F_46
a	,	V_111
chip	,	V_2
TPM_CAP_FLAG_PERM	,	V_86
b	,	V_112
u8	,	T_2
c	,	V_113
d	,	V_114
CONTINUE_SELFTEST_RESULT_SIZE	,	V_126
log_msg	,	V_140
tpm_class	,	V_198
i	,	V_16
loops	,	V_150
TPM_MAX_ORDINAL	,	V_7
pm_runtime_get_sync	,	F_10
TPM_NUM_DEVICES	,	V_202
tpm_buf_append_u16	,	F_23
TPM_BUFSIZE	,	V_37
"continue selftest"	,	L_16
tpm_chip	,	V_1
buf	,	V_29
tpm_buf_init	,	F_22
jiffies	,	V_54
mutex_lock	,	F_9
ordinal	,	V_3
tpm_suspend_pcr	,	V_171
dummy_hash	,	V_168
EPIPE	,	V_51
check_cancel	,	V_159
TPM_CAP_FLAG	,	V_88
tpm_space	,	V_10
jiffies_to_usecs	,	F_29
dev_dbg	,	F_5
dest	,	V_185
"invalid count value %x %zx\n"	,	L_3
timeout_old	,	V_90
tpm_buf_destroy	,	F_24
tpm_getrandom_header	,	V_186
payload	,	V_195
trusted_key_payload	,	V_194
tpm_transmit_cmd	,	F_19
usecs_to_jiffies	,	F_31
TPM_CAP_PROP_TIS_DURATION	,	V_118
tpm_long	,	V_121
count	,	V_33
"attempting to determine the durations"	,	L_14
tpm1_pcr_extend	,	F_40
ops	,	V_46
"attempting to start the TPM"	,	L_10
timeout_adjusted	,	V_116
min_cap_length	,	V_82
tpm_pcr_read	,	F_38
req_complete_val	,	V_57
TPM2_DURATION_MEDIUM	,	V_105
desc	,	V_68
TPM_ORD_STARTUP	,	V_76
SAVESTATE_RESULT_SIZE	,	V_174
timeout_eff	,	V_92
tpm_pcr_extend	,	F_42
TPM_HEADER_SIZE	,	V_20
TPM_RETRY	,	V_172
timeout	,	V_109
dev_err	,	F_8
duration	,	V_6
ENODATA	,	V_39
tpm_mutex	,	V_42
tpm_put_ops	,	F_37
TPM2_CC_STARTUP	,	V_73
req_canceled	,	V_58
TPM_MEDIUM	,	V_104
unregister_chrdev_region	,	F_75
nr_commands	,	V_23
E2BIG	,	V_40
TPM_ERR_INVALID_POSTINIT	,	V_110
tpm2_prepare_space	,	F_11
ERESTARTSYS	,	V_163
mask	,	V_158
TPM2_SU_CLEAR	,	V_74
cap_t	,	T_5
again	,	V_162
length	,	V_65
READ_PCR_RESULT_BODY_SIZE	,	V_133
tpm_calc_ordinal_duration	,	F_1
tpm_input_header	,	V_14
TPM_CAP_FLAG_VOL	,	V_87
"Adjusting TPM timeout parameters."	,	L_15
TPM_GETRANDOM_RESULT_SIZE	,	V_188
"attempting to determine the timeouts"	,	L_11
rng_data_len	,	V_192
tpm_cmd	,	V_178
TPM_DIGEST_SIZE	,	V_136
TPM_ERR_DISABLED	,	V_154
return_code	,	V_70
pm_runtime_put_sync	,	F_17
tpm_exit	,	F_73
TPM_UNDEFINED	,	V_5
"attempting to read a pcr value"	,	L_17
dev_get_drvdata	,	F_54
TPM2_CC_ATTR_CHANDLES	,	V_26
out_recv	,	V_53
dev_info	,	F_21
TPM_SHORT	,	V_102
tpm_validate_command	,	F_2
TPM2_ST_NO_SESSIONS	,	V_72
jiffies_to_msecs	,	F_45
dummy	,	V_152
HZ	,	V_9
"A TPM error (%d) occurred %s\n"	,	L_8
options	,	V_197
"tpm: failed to allocate char dev region\n"	,	L_31
buflen	,	V_157
TPM2_DURATION_SHORT	,	V_103
TPM_CAP_PROP_TIS_TIMEOUT	,	V_108
"Operation Canceled\n"	,	L_5
tpm_devt	,	V_201
getrandom_in	,	V_187
in	,	V_124
tpm_pm_resume	,	F_57
out_no_locality	,	V_48
be32_to_cpu	,	F_3
params	,	V_130
tpm2_pcr_read	,	F_39
tpm_cmd_t	,	V_123
attrs	,	V_18
tpm_init	,	F_66
tpm_seal_trusted	,	F_62
res_buf	,	V_128
__func__	,	V_28
alg_id	,	V_148
PAGE_SIZE	,	V_79
duration_idx	,	V_4
cc_attrs_tbl	,	V_25
"TPM savestate took %dms\n"	,	L_25
cmd	,	V_12
tpm_buf	,	V_71
relinquish_locality	,	V_66
pcrread_header	,	V_129
hash	,	V_139
status	,	V_55
TPM_CHIP_FLAG_IRQ	,	V_52
pcr_idx	,	V_127
ENODEV	,	V_138
wait_for_tpm_stat_cond	,	F_48
tpm_medium	,	V_120
TPM_ST_CLEAR	,	V_77
flags	,	V_21
wait_queue_head_t	,	T_6
"Operation Timed out\n"	,	L_6
"extending dummy pcr before suspend"	,	L_23
tpm_pm_suspend	,	F_53
rlength	,	V_182
tpm_ordinal_duration	,	V_8
alloc_chrdev_region	,	F_72
out	,	V_49
class_destroy	,	F_71
dev_nums_idr	,	V_203
active_banks	,	V_146
digest	,	V_149
"tpm_transmit: tpm_recv: error %d\n"	,	L_7
offsetof	,	F_61
TPM_WARN_RETRY	,	V_175
duration_adjusted	,	V_122
num_bytes	,	V_180
ETIME	,	V_62
TPM_ORD_GET_CAP	,	V_83
min_rsp_body_length	,	V_67
err	,	V_69
max	,	V_177
TPM_ORD_PCR_EXTEND	,	V_141
"Error (%d) sending savestate before suspend\n"	,	L_24
EFAULT	,	V_64
TPM_CAP_VERSION_1_1	,	V_84
TPM_CAP_VERSION_1_2	,	V_85
EINVAL	,	V_36
"Adjusting reported timeouts: A %lu-&gt;%luus B %lu-&gt;%luus C %lu-&gt;%luus D %lu-&gt;%luus\n"	,	L_13
"attempting tpm_cmd"	,	L_22
TPM_CAP_PROP	,	V_89
__init	,	T_7
__exit	,	T_8
TPM_CHIP_FLAG_TPM2	,	V_22
"A TPM error (%zd) occurred attempting to determine the timeouts\n"	,	L_12
queue	,	V_161
wait_event_interruptible_timeout	,	F_50
TPM2_SU_STATE	,	V_170
data	,	V_78
TPM_CHIP_FLAG_HAVE_TIMEOUTS	,	V_93
"attempting extend a PCR value"	,	L_18
rmb	,	F_14
tpm_getrandom_out	,	V_189
size_t	,	T_3
space	,	V_11
TPM2_ALG_ERROR	,	V_147
TPM_TIMEOUT_RETRY	,	V_176
u32	,	T_1
digest_list	,	V_145
tpm_is_tpm2	,	F_35
tpm_do_selftest	,	F_44
"%s: tpm_send: error %d\n"	,	L_4
EXTEND_PCR_RESULT_BODY_SIZE	,	V_143
"attempting get random"	,	L_26
tpm2_seal_trusted	,	F_63
timeout_chip	,	V_91
"TPM self test failed\n"	,	L_21
clear_thread_flag	,	F_52
tpm_send	,	F_47
THIS_MODULE	,	V_199
tpm2_find_cc	,	F_4
subcap_id	,	V_80
PTR_ERR	,	F_70
savestate_header	,	V_173
TPM_TRANSMIT_UNLOCKED	,	V_41
header	,	V_15
try	,	V_167
send	,	V_50
tpm_continue_selftest	,	F_32
"starting up the TPM manually\n"	,	L_9
"TPM command timed out during continue self test"	,	L_19
"couldn't create tpm class\n"	,	L_28
TPM_ORD_CONTINUE_SELFTEST	,	V_153
HW_ERR	,	V_117
tpm_get_timeouts	,	F_27
TPM_TIMEOUT	,	V_60
tpm_startup	,	F_20
msecs_to_jiffies	,	F_28
total	,	V_183
recv	,	V_63
cap	,	V_81
EXTEND_PCR_RESULT_SIZE	,	V_142
delay_msec	,	V_151
rng_data	,	V_190
tpm2_pcr_extend	,	F_43
"couldn't create tpmrm class\n"	,	L_30
update_timeouts	,	V_115
pcr_result	,	V_135
recd	,	V_179
"tpm"	,	L_27
tpm2_shutdown	,	F_55
dev_warn	,	F_56
err_len	,	V_27
pcrread_in	,	V_131
tpm_pcr_read_dev	,	F_33
getrandom_out	,	V_191
TPM_ERR_DEACTIVATED	,	V_155
freezing	,	F_51
min_t	,	F_59
IS_ERR	,	F_68
