cancel	,	V_36
"tpm_transmit: tpm_send: error %zd\n"	,	L_2
cpu_to_be32	,	F_13
tpm_short	,	V_103
tpm_output_header	,	V_42
tpm2_get_random	,	F_46
req_complete_mask	,	V_31
msleep	,	F_7
__be16	,	T_5
duration_cap	,	V_75
timeout_a	,	V_76
dev	,	V_18
len	,	V_40
timeout_c	,	V_80
time_before	,	F_9
timeout_b	,	V_78
timeout_d	,	V_82
TPM_MAX_RNG_DATA	,	V_151
READ_PCR_RESULT_SIZE	,	V_113
"TPM is disabled/deactivated (0x%X)\n"	,	L_18
continue_selftest_header	,	V_107
"Issuing TPM_STARTUP"	,	L_9
ECANCELED	,	V_34
class_create	,	F_52
ARRAY_SIZE	,	F_19
tpm_chip_find_get	,	F_24
idr_destroy	,	F_59
EIO	,	V_161
trusted_key_options	,	V_164
tpm_transmit	,	F_2
rc	,	V_12
getcap_out	,	V_66
canceled	,	V_132
tpm_get_random	,	F_44
retries	,	V_153
TPM_LONG	,	V_88
chip_num	,	V_117
stop	,	V_14
tpm2_calc_ordinal_duration	,	F_6
tpm_gen_interrupt	,	F_14
TPM2_TIMEOUT_D	,	V_83
wait_for_tpm_stat	,	F_35
tpm_unseal_trusted	,	F_49
pcrextend_in	,	V_121
TPM2_TIMEOUT_A	,	V_77
pcrread_out	,	V_114
pr_err	,	F_54
TPM2_TIMEOUT_B	,	V_79
TPM2_TIMEOUT_C	,	V_81
device	,	V_138
TPM_WARN_DOING_SELFTEST	,	V_128
ssize_t	,	T_2
TIF_SIGPENDING	,	V_137
__be32	,	V_16
bufsiz	,	V_11
tpm_getcap_header	,	V_53
mutex_unlock	,	F_10
TPM2_DURATION_LONG	,	V_89
current	,	V_136
old_timeout	,	V_73
tpm2_unseal_trusted	,	F_50
tpm_getcap	,	F_12
tpm1_auto_startup	,	F_32
a	,	V_94
chip	,	V_2
TPM_CAP_FLAG_PERM	,	V_60
b	,	V_95
u8	,	V_23
c	,	V_96
d	,	V_97
CONTINUE_SELFTEST_RESULT_SIZE	,	V_108
tpm_class	,	V_166
i	,	V_100
loops	,	V_123
TPM_MAX_ORDINAL	,	V_7
TPM_NUM_DEVICES	,	V_169
TPM_BUFSIZE	,	V_15
"continue selftest"	,	L_14
tpm_chip	,	V_1
buf	,	V_10
jiffies	,	V_29
mutex_lock	,	F_5
ordinal	,	V_3
tpm_suspend_pcr	,	V_142
dummy_hash	,	V_140
check_cancel	,	V_131
TPM_CAP_FLAG	,	V_62
dest	,	V_154
"invalid count value %x %zx\n"	,	L_1
new_timeout	,	V_72
tpm_getrandom_header	,	V_155
payload	,	V_163
trusted_key_payload	,	V_162
tpm_transmit_cmd	,	F_11
usecs_to_jiffies	,	F_20
TPM_CAP_PROP_TIS_DURATION	,	V_102
tpm_long	,	V_105
count	,	V_13
"attempting to determine the durations"	,	L_12
ops	,	V_21
"attempting to start the TPM"	,	L_8
timeout_adjusted	,	V_99
tpm_pcr_read	,	F_26
req_complete_val	,	V_32
TPM2_DURATION_MEDIUM	,	V_87
desc	,	V_41
SAVESTATE_RESULT_SIZE	,	V_145
tpm_pcr_extend	,	F_28
start_cmd	,	V_69
TPM_HEADER_SIZE	,	V_45
TPM_RETRY	,	V_143
tpm_startup_header	,	V_70
timeout	,	V_93
dev_err	,	F_4
duration	,	V_6
ENODATA	,	V_17
tpm_mutex	,	V_20
subcap_size	,	V_58
tpm_put_ops	,	F_25
pcrextend_header	,	V_120
req_canceled	,	V_33
TPM_MEDIUM	,	V_86
unregister_chrdev_region	,	F_60
E2BIG	,	V_19
TPM_ERR_INVALID_POSTINIT	,	V_90
ERESTARTSYS	,	V_135
mask	,	V_130
cap_t	,	T_4
again	,	V_134
length	,	V_59
tpm_calc_ordinal_duration	,	F_1
TPM_CAP_FLAG_VOL	,	V_61
"Adjusting TPM timeout parameters."	,	L_13
TPM_GETRANDOM_RESULT_SIZE	,	V_157
"attempting to determine the timeouts"	,	L_7
rng_data_len	,	V_159
TPM_INTERNAL_RESULT_SIZE	,	V_65
tpm_cmd	,	V_51
TPM_DIGEST_SIZE	,	V_116
TPM_ERR_DISABLED	,	V_126
return_code	,	V_47
tpm_exit	,	F_58
TPM_UNDEFINED	,	V_5
"attempting to read a pcr value"	,	L_15
dev_get_drvdata	,	F_40
out_recv	,	V_27
dev_info	,	F_18
TPM_SHORT	,	V_84
jiffies_to_msecs	,	F_31
HZ	,	V_9
"A TPM error (%d) occurred %s\n"	,	L_6
options	,	V_165
"tpm: failed to allocate char dev region\n"	,	L_27
buflen	,	V_129
TPM2_DURATION_SHORT	,	V_85
TPM_CAP_PROP_TIS_TIMEOUT	,	V_67
"Operation Canceled\n"	,	L_3
tpm_devt	,	V_168
getrandom_in	,	V_156
in	,	V_52
tpm_pm_resume	,	F_43
be32_to_cpu	,	F_3
params	,	V_56
tpm2_pcr_read	,	F_27
tpm_cmd_t	,	V_50
tpm_init	,	F_51
startup_type	,	V_68
tpm_seal_trusted	,	F_47
res_buf	,	V_110
duration_idx	,	V_4
"TPM savestate took %dms\n"	,	L_23
cmd	,	V_39
pcrread_header	,	V_111
hash	,	V_119
status	,	V_30
TPM_CHIP_FLAG_IRQ	,	V_26
pcr_idx	,	V_109
ENODEV	,	V_118
wait_for_tpm_stat_cond	,	F_34
tpm_medium	,	V_104
TPM_ST_CLEAR	,	V_91
flags	,	V_25
startup_in	,	V_71
wait_queue_head_t	,	T_6
"Operation Timed out\n"	,	L_4
"extending dummy pcr before suspend"	,	L_21
tpm_pm_suspend	,	F_39
tpm_ordinal_duration	,	V_8
alloc_chrdev_region	,	F_56
subcap	,	V_64
out	,	V_24
class_destroy	,	F_57
dev_nums_idr	,	V_170
TPM_WARN_RETRY	,	V_146
duration_adjusted	,	V_106
num_bytes	,	V_150
ETIME	,	V_37
err	,	V_44
max	,	V_148
"Error (%d) sending savestate before suspend\n"	,	L_22
EFAULT	,	V_46
EINVAL	,	V_92
"Adjusting reported timeouts: A %lu-&gt;%luus B %lu-&gt;%luus C %lu-&gt;%luus D %lu-&gt;%luus\n"	,	L_11
"attempting tpm_cmd"	,	L_20
TPM_CAP_PROP	,	V_63
__init	,	T_7
__exit	,	T_8
TPM_CHIP_FLAG_TPM2	,	V_28
"A TPM error (%zd) occurred attempting to determine the timeouts\n"	,	L_10
queue	,	V_133
wait_event_interruptible_timeout	,	F_36
TPM2_SU_STATE	,	V_141
CAP_VERSION_1_2	,	V_55
"attempting extend a PCR value"	,	L_16
rmb	,	F_8
size_t	,	T_3
TPM_TIMEOUT_RETRY	,	V_147
u32	,	T_1
tpm_is_tpm2	,	F_23
CAP_VERSION_1_1	,	V_54
tpm_do_selftest	,	F_30
"attempting get random"	,	L_24
tpm2_seal_trusted	,	F_48
"TPM self test failed\n"	,	L_19
clear_thread_flag	,	F_38
getcap_in	,	V_57
tpm_send	,	F_33
THIS_MODULE	,	V_167
subcap_id	,	V_48
PTR_ERR	,	F_55
savestate_header	,	V_144
header	,	V_43
try	,	V_139
send	,	V_22
tpm_continue_selftest	,	F_21
"TPM command timed out during continue self test"	,	L_17
"couldn't create tpm class\n"	,	L_26
TPM_ORD_CONTINUE_SELFTEST	,	V_125
HW_ERR	,	V_101
"tpm_transmit: tpm_recv: error %zd\n"	,	L_5
tpm_get_timeouts	,	F_16
TPM_TIMEOUT	,	V_35
tpm_startup	,	F_15
msecs_to_jiffies	,	F_17
total	,	V_152
recv	,	V_38
cap	,	V_49
EXTEND_PCR_RESULT_SIZE	,	V_122
delay_msec	,	V_124
rng_data	,	V_160
tpm2_pcr_extend	,	F_29
update_timeouts	,	V_98
pcr_result	,	V_115
recd	,	V_149
"tpm"	,	L_25
tpm2_shutdown	,	F_41
dev_warn	,	F_42
pcrread_in	,	V_112
tpm_pcr_read_dev	,	F_22
duration_t	,	V_74
getrandom_out	,	V_158
TPM_ERR_DEACTIVATED	,	V_127
freezing	,	F_37
min_t	,	F_45
IS_ERR	,	F_53
